<?xml version="1.0" encoding="UTF-8"?>
<!-- Generated by org.testng.reporters.JUnitXMLReporter -->
<testsuite hostname="JARVIS" name="LoginTest" tests="2" failures="1" timestamp="12 Jul 2018 17:47:45 GMT" time="121.588" errors="0">
  <testcase name="loginToGieu" time="42.087" classname="tests.TestLogin"/>
  <testcase name="loginToMega" time="0.432" classname="tests.TestLogin">
    <failure type="org.openqa.selenium.WebDriverException" message="Element is not clickable at point (531, 361.683349609375). Other element would receive the click: &amp;lt;div class=&amp;quot;&amp;quot; id=&amp;quot;waitingmask&amp;quot; ng-show=&amp;quot;mask.show&amp;quot;&amp;gt;&amp;lt;/div&amp;gt;
Command duration or timeout: 77 milliseconds
Build info: version: &amp;apos;2.52.0&amp;apos;, revision: &amp;apos;4c2593c&amp;apos;, time: &amp;apos;2016-02-11 19:06:42&amp;apos;
System info: host: &amp;apos;JARVIS&amp;apos;, ip: &amp;apos;192.168.0.105&amp;apos;, os.name: &amp;apos;Windows 10&amp;apos;, os.arch: &amp;apos;amd64&amp;apos;, os.version: &amp;apos;10.0&amp;apos;, java.version: &amp;apos;1.8.0_60&amp;apos;
Driver info: org.openqa.selenium.firefox.FirefoxDriver
Capabilities [{applicationCacheEnabled=true, rotatable=false, handlesAlerts=true, databaseEnabled=true, version=45.0, platform=WINDOWS, nativeEvents=false, acceptSslCerts=true, webStorageEnabled=true, locationContextEnabled=true, browserName=firefox, takesScreenshot=true, javascriptEnabled=true, cssSelectorsEnabled=true}]
Session ID: e640c947-a5ae-46d1-ab48-594dfab1f978">
      <![CDATA[org.openqa.selenium.WebDriverException: Element is not clickable at point (531, 361.683349609375). Other element would receive the click: <div class="" id="waitingmask" ng-show="mask.show"></div>
Command duration or timeout: 77 milliseconds
Build info: version: '2.52.0', revision: '4c2593c', time: '2016-02-11 19:06:42'
System info: host: 'JARVIS', ip: '192.168.0.105', os.name: 'Windows 10', os.arch: 'amd64', os.version: '10.0', java.version: '1.8.0_60'
Driver info: org.openqa.selenium.firefox.FirefoxDriver
Capabilities [{applicationCacheEnabled=true, rotatable=false, handlesAlerts=true, databaseEnabled=true, version=45.0, platform=WINDOWS, nativeEvents=false, acceptSslCerts=true, webStorageEnabled=true, locationContextEnabled=true, browserName=firefox, takesScreenshot=true, javascriptEnabled=true, cssSelectorsEnabled=true}]
Session ID: e640c947-a5ae-46d1-ab48-594dfab1f978
	at org.openqa.selenium.remote.ErrorHandler.createThrowable(ErrorHandler.java:206)
	at org.openqa.selenium.remote.ErrorHandler.throwIfResponseFailed(ErrorHandler.java:158)
	at org.openqa.selenium.remote.RemoteWebDriver.execute(RemoteWebDriver.java:678)
	at org.openqa.selenium.remote.RemoteWebElement.execute(RemoteWebElement.java:327)
	at org.openqa.selenium.remote.RemoteWebElement.click(RemoteWebElement.java:85)
	at markitwire_pages.Login.clickSubmit(Login.java:24)
	at tests.TestLogin.loginToMega(TestLogin.java:24)
... Removed 28 stack frames]]>
    </failure>
  </testcase> <!-- loginToMega -->
</testsuite> <!-- LoginTest -->
